<?xml version="1.0" encoding="UTF-8"?>
<robot generator="Robot 7.3.2 (Python 3.13.3 on win32)" generated="2025-11-13T10:33:05.029331" rpa="false" schemaversion="5">
<suite id="s1" name="Platynui-Sut" source="C:\Users\ZiyadHajjHassan\workspace\qt\platynui-sut">
<suite id="s1-s1" name="Tests" source="C:\Users\ZiyadHajjHassan\workspace\qt\platynui-sut\tests">
<suite id="s1-s1-s1" name="Smoke" source="C:\Users\ZiyadHajjHassan\workspace\qt\platynui-sut\tests\smoke.robot">
<test id="s1-s1-s1-t1" name="Mouse Click Test" line="12">
<kw name="Activate" owner="PlatynUI">
<arg>Window[@Name="Widgets Gallery (QML)"]//Button[@Name="Regular Button"]</arg>
<status status="PASS" start="2025-11-13T10:33:05.525809" elapsed="7.080459"/>
</kw>
<kw name="Sleep" owner="BuiltIn">
<msg time="2025-11-13T10:33:15.609363" level="INFO">Slept 3 seconds.</msg>
<arg>3s</arg>
<doc>Pauses the test executed for the given time.</doc>
<status status="PASS" start="2025-11-13T10:33:12.607529" elapsed="3.005555"/>
</kw>
<kw name="Close Application" type="TEARDOWN">
<kw name="Terminate Process" owner="Process">
<msg time="2025-11-13T10:33:15.623181" level="FAIL">Non-existing index or alias 'value'.</msg>
<arg>${APP_HANDLE}</arg>
<doc>Stops the process gracefully or forcefully.</doc>
<status status="FAIL" start="2025-11-13T10:33:15.621562" elapsed="0.019468">Non-existing index or alias 'value'.</status>
</kw>
<kw name="Wait For Process" owner="Process">
<msg time="2025-11-13T10:33:15.643749" level="FAIL">Non-existing index or alias 'value'.</msg>
<arg>${APP_HANDLE}</arg>
<arg>timeout=5s</arg>
<doc>Waits for the process to complete or to reach the given timeout.</doc>
<status status="FAIL" start="2025-11-13T10:33:15.641624" elapsed="0.065299">Non-existing index or alias 'value'.</status>
</kw>
<status status="FAIL" start="2025-11-13T10:33:15.618420" elapsed="0.089893">Several failures occurred:

1) Non-existing index or alias 'value'.

2) Non-existing index or alias 'value'.</status>
</kw>
<doc>This test verifies mouse click functionality.</doc>
<status status="FAIL" start="2025-11-13T10:33:05.515702" elapsed="10.193954">Teardown failed:
Several failures occurred:

1) Non-existing index or alias 'value'.

2) Non-existing index or alias 'value'.</status>
</test>
<status status="FAIL" start="2025-11-13T10:33:05.175802" elapsed="10.661870"/>
</suite>
<status status="FAIL" start="2025-11-13T10:33:05.156824" elapsed="10.810985"/>
</suite>
<status status="FAIL" start="2025-11-13T10:33:05.040244" elapsed="10.962493"/>
</suite>
<statistics>
<total>
<stat pass="0" fail="1" skip="0">All Tests</stat>
</total>
<tag>
</tag>
<suite>
<stat name="Platynui-Sut" id="s1" pass="0" fail="1" skip="0">Platynui-Sut</stat>
<stat name="Tests" id="s1-s1" pass="0" fail="1" skip="0">Platynui-Sut.Tests</stat>
<stat name="Smoke" id="s1-s1-s1" pass="0" fail="1" skip="0">Platynui-Sut.Tests.Smoke</stat>
</suite>
</statistics>
<errors>
</errors>
</robot>
