<?xml version="1.0" encoding="UTF-8"?>
<robot generator="Robot 7.3.2 (Python 3.13.3 on win32)" generated="2025-11-11T14:58:45.035285" rpa="false" schemaversion="5">
<suite id="s1" name="Platynui-Sut" source="C:\Users\ZiyadHajjHassan\workspace\qt\platynui-sut">
<suite id="s1-s1" name="Tests" source="C:\Users\ZiyadHajjHassan\workspace\qt\platynui-sut\tests">
<suite id="s1-s1-s1" name="Smoke" source="C:\Users\ZiyadHajjHassan\workspace\qt\platynui-sut\tests\smoke.robot">
<test id="s1-s1-s1-t1" name="Mouse Click Test" line="6">
<kw name="Open Application">
<variable name="${TEST}">
<msg time="2025-11-11T14:58:45.249300" level="INFO">${TEST} = uv run python -m platynui_sut.qml.main_qml</msg>
<var>uv run python -m platynui_sut.qml.main_qml</var>
<status status="PASS" start="2025-11-11T14:58:45.249079" elapsed="0.000859"/>
</variable>
<kw name="Start Process" owner="Process">
<msg time="2025-11-11T14:58:45.251208" level="INFO">Starting process:
"uv run python -m platynui_sut.qml.main_qml"</msg>
<msg time="2025-11-11T14:58:45.253649" level="FAIL">FileNotFoundError: [WinError 2] Das System kann die angegebene Datei nicht finden</msg>
<arg>${TEST}</arg>
<doc>Starts a new process on background.</doc>
<status status="FAIL" start="2025-11-11T14:58:45.250540" elapsed="0.021489">FileNotFoundError: [WinError 2] Das System kann die angegebene Datei nicht finden</status>
</kw>
<status status="FAIL" start="2025-11-11T14:58:45.248346" elapsed="0.024053">FileNotFoundError: [WinError 2] Das System kann die angegebene Datei nicht finden</status>
</kw>
<doc>This test verifies mouse click functionality.</doc>
<status status="FAIL" start="2025-11-11T14:58:45.238711" elapsed="0.034401">FileNotFoundError: [WinError 2] Das System kann die angegebene Datei nicht finden</status>
</test>
<status status="FAIL" start="2025-11-11T14:58:45.074685" elapsed="0.208953"/>
</suite>
<status status="FAIL" start="2025-11-11T14:58:45.069880" elapsed="0.219569"/>
</suite>
<status status="FAIL" start="2025-11-11T14:58:45.040844" elapsed="0.260570"/>
</suite>
<statistics>
<total>
<stat pass="0" fail="1" skip="0">All Tests</stat>
</total>
<tag>
</tag>
<suite>
<stat name="Platynui-Sut" id="s1" pass="0" fail="1" skip="0">Platynui-Sut</stat>
<stat name="Tests" id="s1-s1" pass="0" fail="1" skip="0">Platynui-Sut.Tests</stat>
<stat name="Smoke" id="s1-s1-s1" pass="0" fail="1" skip="0">Platynui-Sut.Tests.Smoke</stat>
</suite>
</statistics>
<errors>
</errors>
</robot>
